{"/home/szboynono/code/mosha-vue-toastify/lib/components/MIcon.vue": {"path":"/home/szboynono/code/mosha-vue-toastify/lib/components/MIcon.vue","statementMap":{"0":{"start":{"line":12,"column":0},"end":{"line":12,"column":null}},"1":{"start":{"line":14,"column":0},"end":{"line":14,"column":15}}},"fnMap":{},"branchMap":{},"s":{"0":0,"1":0},"f":{},"b":{}}
,"/home/szboynono/code/mosha-vue-toastify/lib/components/MToast.vue": {"path":"/home/szboynono/code/mosha-vue-toastify/lib/components/MToast.vue","statementMap":{"0":{"start":{"line":37,"column":0},"end":{"line":37,"column":null}},"1":{"start":{"line":47,"column":0},"end":{"line":47,"column":null}},"2":{"start":{"line":48,"column":0},"end":{"line":48,"column":null}},"3":{"start":{"line":49,"column":0},"end":{"line":49,"column":null}},"4":{"start":{"line":50,"column":0},"end":{"line":50,"column":null}},"5":{"start":{"line":51,"column":0},"end":{"line":51,"column":null}},"6":{"start":{"line":53,"column":0},"end":{"line":53,"column":15}},"7":{"start":{"line":106,"column":18},"end":{"line":106,"column":null}},"8":{"start":{"line":113,"column":8},"end":{"line":113,"column":17}},"9":{"start":{"line":109,"column":16},"end":{"line":109,"column":null}},"10":{"start":{"line":110,"column":23},"end":{"line":110,"column":null}},"11":{"start":{"line":111,"column":16},"end":{"line":111,"column":null}},"12":{"start":{"line":112,"column":17},"end":{"line":112,"column":null}},"13":{"start":{"line":115,"column":31},"end":{"line":115,"column":11}},"14":{"start":{"line":121,"column":38},"end":{"line":121,"column":47}},"15":{"start":{"line":122,"column":6},"end":{"line":122,"column":11}},"16":{"start":{"line":121,"column":17},"end":{"line":121,"column":19}},"17":{"start":{"line":121,"column":23},"end":{"line":121,"column":25}},"18":{"start":{"line":121,"column":33},"end":{"line":121,"column":38}},"19":{"start":{"line":125,"column":23},"end":{"line":129,"column":null}},"20":{"start":{"line":126,"column":6},"end":{"line":128,"column":null}},"21":{"start":{"line":127,"column":8},"end":{"line":127,"column":null}},"22":{"start":{"line":131,"column":22},"end":{"line":135,"column":null}},"23":{"start":{"line":132,"column":6},"end":{"line":134,"column":null}},"24":{"start":{"line":133,"column":8},"end":{"line":133,"column":null}},"25":{"start":{"line":137,"column":25},"end":{"line":140,"column":null}},"26":{"start":{"line":138,"column":6},"end":{"line":138,"column":17}},"27":{"start":{"line":139,"column":6},"end":{"line":139,"column":null}},"28":{"start":{"line":142,"column":24},"end":{"line":144,"column":null}},"29":{"start":{"line":143,"column":6},"end":{"line":143,"column":23}},"30":{"start":{"line":146,"column":25},"end":{"line":148,"column":null}},"31":{"start":{"line":147,"column":6},"end":{"line":147,"column":23}},"32":{"start":{"line":150,"column":4},"end":{"line":150,"column":16}},"33":{"start":{"line":151,"column":30},"end":{"line":151,"column":13}},"34":{"start":{"line":156,"column":6},"end":{"line":156,"column":11}},"35":{"start":{"line":159,"column":4},"end":{"line":159,"column":14}},"36":{"start":{"line":160,"column":6},"end":{"line":160,"column":null}},"37":{"start":{"line":163,"column":4},"end":{"line":163,"column":11}}},"fnMap":{"0":{"name":"(anonymous_1)","decl":{"start":{"line":105,"column":2},"end":{"line":105,"column":7}},"loc":{"start":{"line":105,"column":13},"end":{"line":174,"column":null}}},"1":{"name":"(anonymous_2)","decl":{"start":{"line":121,"column":47},"end":{"line":121,"column":null}},"loc":{"start":{"line":121,"column":47},"end":{"line":123,"column":7}}},"2":{"name":"(anonymous_3)","decl":{"start":{"line":125,"column":23},"end":{"line":125,"column":null}},"loc":{"start":{"line":125,"column":23},"end":{"line":129,"column":null}}},"3":{"name":"(anonymous_4)","decl":{"start":{"line":131,"column":22},"end":{"line":131,"column":null}},"loc":{"start":{"line":131,"column":22},"end":{"line":135,"column":null}}},"4":{"name":"(anonymous_5)","decl":{"start":{"line":137,"column":25},"end":{"line":137,"column":null}},"loc":{"start":{"line":137,"column":25},"end":{"line":140,"column":null}}},"5":{"name":"(anonymous_6)","decl":{"start":{"line":142,"column":24},"end":{"line":142,"column":25}},"loc":{"start":{"line":142,"column":42},"end":{"line":144,"column":null}}},"6":{"name":"(anonymous_7)","decl":{"start":{"line":146,"column":25},"end":{"line":146,"column":26}},"loc":{"start":{"line":146,"column":43},"end":{"line":148,"column":null}}},"7":{"name":"(anonymous_8)","decl":{"start":{"line":150,"column":16},"end":{"line":150,"column":null}},"loc":{"start":{"line":150,"column":16},"end":{"line":157,"column":null}}},"8":{"name":"(anonymous_9)","decl":{"start":{"line":159,"column":14},"end":{"line":159,"column":null}},"loc":{"start":{"line":159,"column":14},"end":{"line":161,"column":null}}}},"branchMap":{"0":{"loc":{"start":{"line":126,"column":6},"end":{"line":128,"column":null}},"type":"if","locations":[{"start":{"line":126,"column":6},"end":{"line":128,"column":null}},{"start":{"line":126,"column":6},"end":{"line":128,"column":null}}]},"1":{"loc":{"start":{"line":132,"column":6},"end":{"line":134,"column":null}},"type":"if","locations":[{"start":{"line":132,"column":6},"end":{"line":134,"column":null}},{"start":{"line":132,"column":6},"end":{"line":134,"column":null}}]}},"s":{"0":0,"1":0,"2":0,"3":0,"4":0,"5":0,"6":0,"7":0,"8":0,"9":0,"10":0,"11":0,"12":0,"13":0,"14":0,"15":0,"16":0,"17":0,"18":0,"19":0,"20":0,"21":0,"22":0,"23":0,"24":0,"25":0,"26":0,"27":0,"28":0,"29":0,"30":0,"31":0,"32":0,"33":0,"34":0,"35":0,"36":0,"37":0},"f":{"0":0,"1":0,"2":0,"3":0,"4":0,"5":0,"6":0,"7":0,"8":0},"b":{"0":[0,0],"1":[0,0]}}
,"/home/szboynono/code/mosha-vue-toastify/lib/components/createToast.ts": {"path":"/home/szboynono/code/mosha-vue-toastify/lib/components/createToast.ts","statementMap":{"0":{"start":{"line":1,"column":0},"end":{"line":1,"column":41}},"1":{"start":{"line":2,"column":0},"end":{"line":2,"column":55}},"2":{"start":{"line":4,"column":0},"end":{"line":4,"column":32}},"3":{"start":{"line":6,"column":48},"end":{"line":13,"column":null}},"4":{"start":{"line":16,"column":14},"end":{"line":16,"column":15}},"5":{"start":{"line":18,"column":33},"end":{"line":35,"column":1}},"6":{"start":{"line":19,"column":41},"end":{"line":28,"column":null}},"7":{"start":{"line":30,"column":2},"end":{"line":30,"column":null}},"8":{"start":{"line":31,"column":2},"end":{"line":33,"column":null}},"9":{"start":{"line":32,"column":4},"end":{"line":32,"column":null}},"10":{"start":{"line":34,"column":2},"end":{"line":34,"column":null}},"11":{"start":{"line":18,"column":13},"end":{"line":18,"column":33}},"12":{"start":{"line":37,"column":27},"end":{"line":73,"column":1}},"13":{"start":{"line":38,"column":29},"end":{"line":38,"column":83}},"14":{"start":{"line":39,"column":15},"end":{"line":39,"column":68}},"15":{"start":{"line":40,"column":22},"end":{"line":40,"column":83}},"16":{"start":{"line":42,"column":13},"end":{"line":42,"column":22}},"17":{"start":{"line":43,"column":23},"end":{"line":43,"column":32}},"18":{"start":{"line":45,"column":2},"end":{"line":45,"column":43}},"19":{"start":{"line":45,"column":36},"end":{"line":45,"column":43}},"20":{"start":{"line":46,"column":2},"end":{"line":49,"column":null}},"21":{"start":{"line":47,"column":26},"end":{"line":47,"column":80}},"22":{"start":{"line":48,"column":4},"end":{"line":48,"column":null}},"23":{"start":{"line":51,"column":20},"end":{"line":51,"column":49}},"24":{"start":{"line":52,"column":2},"end":{"line":52,"column":39}},"25":{"start":{"line":54,"column":19},"end":{"line":54,"column":23}},"26":{"start":{"line":55,"column":2},"end":{"line":63,"column":null}},"27":{"start":{"line":62,"column":28},"end":{"line":62,"column":111}},"28":{"start":{"line":65,"column":2},"end":{"line":65,"column":null}},"29":{"start":{"line":66,"column":2},"end":{"line":66,"column":43}},"30":{"start":{"line":66,"column":36},"end":{"line":66,"column":43}},"31":{"start":{"line":68,"column":2},"end":{"line":68,"column":70}},"32":{"start":{"line":70,"column":2},"end":{"line":72,"column":null}},"33":{"start":{"line":71,"column":4},"end":{"line":71,"column":null}},"34":{"start":{"line":37,"column":13},"end":{"line":37,"column":27}},"35":{"start":{"line":75,"column":14},"end":{"line":108,"column":1}},"36":{"start":{"line":76,"column":19},"end":{"line":76,"column":35}},"37":{"start":{"line":78,"column":16},"end":{"line":78,"column":82}},"38":{"start":{"line":78,"column":55},"end":{"line":78,"column":81}},"39":{"start":{"line":80,"column":2},"end":{"line":80,"column":27}},"40":{"start":{"line":80,"column":20},"end":{"line":80,"column":27}},"41":{"start":{"line":81,"column":36},"end":{"line":81,"column":66}},"42":{"start":{"line":83,"column":17},"end":{"line":83,"column":43}},"43":{"start":{"line":85,"column":2},"end":{"line":85,"column":null}},"44":{"start":{"line":86,"column":2},"end":{"line":86,"column":45}},"45":{"start":{"line":88,"column":2},"end":{"line":90,"column":null}},"46":{"start":{"line":89,"column":4},"end":{"line":89,"column":null}},"47":{"start":{"line":92,"column":2},"end":{"line":102,"column":null}},"48":{"start":{"line":92,"column":15},"end":{"line":92,"column":20}},"49":{"start":{"line":93,"column":27},"end":{"line":93,"column":53}},"50":{"start":{"line":95,"column":4},"end":{"line":95,"column":31}},"51":{"start":{"line":95,"column":24},"end":{"line":95,"column":31}},"52":{"start":{"line":97,"column":32},"end":{"line":97,"column":63}},"53":{"start":{"line":98,"column":16},"end":{"line":98,"column":83}},"54":{"start":{"line":100,"column":4},"end":{"line":100,"column":38}},"55":{"start":{"line":100,"column":31},"end":{"line":100,"column":38}},"56":{"start":{"line":101,"column":4},"end":{"line":101,"column":null}},"57":{"start":{"line":104,"column":2},"end":{"line":107,"column":null}},"58":{"start":{"line":105,"column":4},"end":{"line":105,"column":null}},"59":{"start":{"line":106,"column":4},"end":{"line":106,"column":null}}},"fnMap":{"0":{"name":"(anonymous_1)","decl":{"start":{"line":18,"column":33},"end":{"line":18,"column":34}},"loc":{"start":{"line":18,"column":73},"end":{"line":35,"column":1}}},"1":{"name":"(anonymous_2)","decl":{"start":{"line":37,"column":27},"end":{"line":37,"column":28}},"loc":{"start":{"line":37,"column":77},"end":{"line":73,"column":1}}},"2":{"name":"(anonymous_3)","decl":{"start":{"line":46,"column":46},"end":{"line":46,"column":47}},"loc":{"start":{"line":46,"column":65},"end":{"line":49,"column":3}}},"3":{"name":"(anonymous_4)","decl":{"start":{"line":62,"column":20},"end":{"line":62,"column":23}},"loc":{"start":{"line":62,"column":25},"end":{"line":62,"column":112}}},"4":{"name":"(anonymous_5)","decl":{"start":{"line":75,"column":14},"end":{"line":75,"column":15}},"loc":{"start":{"line":75,"column":49},"end":{"line":108,"column":1}}},"5":{"name":"(anonymous_6)","decl":{"start":{"line":78,"column":35},"end":{"line":78,"column":36}},"loc":{"start":{"line":78,"column":55},"end":{"line":78,"column":81}}},"6":{"name":"(anonymous_7)","decl":{"start":{"line":104,"column":13},"end":{"line":104,"column":16}},"loc":{"start":{"line":104,"column":18},"end":{"line":107,"column":3}}}},"branchMap":{"0":{"loc":{"start":{"line":21,"column":10},"end":{"line":21,"column":22}},"type":"binary-expr","locations":[{"start":{"line":21,"column":10},"end":{"line":21,"column":22}},{"start":{"line":21,"column":26},"end":{"line":21,"column":46}}]},"1":{"loc":{"start":{"line":22,"column":13},"end":{"line":22,"column":28}},"type":"binary-expr","locations":[{"start":{"line":22,"column":13},"end":{"line":22,"column":28}},{"start":{"line":22,"column":32},"end":{"line":22,"column":55}}]},"2":{"loc":{"start":{"line":24,"column":14},"end":{"line":24,"column":30}},"type":"binary-expr","locations":[{"start":{"line":24,"column":14},"end":{"line":24,"column":30}},{"start":{"line":24,"column":34},"end":{"line":24,"column":58}}]},"3":{"loc":{"start":{"line":27,"column":16},"end":{"line":27,"column":34}},"type":"binary-expr","locations":[{"start":{"line":27,"column":16},"end":{"line":27,"column":34}},{"start":{"line":27,"column":38},"end":{"line":27,"column":64}}]},"4":{"loc":{"start":{"line":30,"column":37},"end":{"line":30,"column":75}},"type":"binary-expr","locations":[{"start":{"line":30,"column":37},"end":{"line":30,"column":75}},{"start":{"line":30,"column":79},"end":{"line":30,"column":108}}]},"5":{"loc":{"start":{"line":31,"column":2},"end":{"line":33,"column":null}},"type":"if","locations":[{"start":{"line":31,"column":2},"end":{"line":33,"column":null}},{"start":{"line":31,"column":2},"end":{"line":33,"column":null}}]},"6":{"loc":{"start":{"line":38,"column":39},"end":{"line":38,"column":65}},"type":"cond-expr","locations":[{"start":{"line":38,"column":39},"end":{"line":38,"column":65}},{"start":{"line":38,"column":68},"end":{"line":38,"column":83}}]},"7":{"loc":{"start":{"line":39,"column":45},"end":{"line":39,"column":52}},"type":"cond-expr","locations":[{"start":{"line":39,"column":45},"end":{"line":39,"column":52}},{"start":{"line":39,"column":55},"end":{"line":39,"column":68}}]},"8":{"loc":{"start":{"line":40,"column":52},"end":{"line":40,"column":61}},"type":"cond-expr","locations":[{"start":{"line":40,"column":52},"end":{"line":40,"column":61}},{"start":{"line":40,"column":64},"end":{"line":40,"column":83}}]},"9":{"loc":{"start":{"line":45,"column":2},"end":{"line":45,"column":43}},"type":"if","locations":[{"start":{"line":45,"column":2},"end":{"line":45,"column":43}},{"start":{"line":45,"column":2},"end":{"line":45,"column":43}}]},"10":{"loc":{"start":{"line":48,"column":23},"end":{"line":48,"column":35}},"type":"binary-expr","locations":[{"start":{"line":48,"column":23},"end":{"line":48,"column":35}},{"start":{"line":48,"column":39},"end":{"line":48,"column":40}}]},"11":{"loc":{"start":{"line":62,"column":68},"end":{"line":62,"column":95}},"type":"cond-expr","locations":[{"start":{"line":62,"column":68},"end":{"line":62,"column":95}},{"start":{"line":62,"column":98},"end":{"line":62,"column":109}}]},"12":{"loc":{"start":{"line":66,"column":2},"end":{"line":66,"column":43}},"type":"if","locations":[{"start":{"line":66,"column":2},"end":{"line":66,"column":43}},{"start":{"line":66,"column":2},"end":{"line":66,"column":43}}]},"13":{"loc":{"start":{"line":70,"column":2},"end":{"line":72,"column":null}},"type":"if","locations":[{"start":{"line":70,"column":2},"end":{"line":72,"column":null}},{"start":{"line":70,"column":2},"end":{"line":72,"column":null}}]},"14":{"loc":{"start":{"line":80,"column":2},"end":{"line":80,"column":27}},"type":"if","locations":[{"start":{"line":80,"column":2},"end":{"line":80,"column":27}},{"start":{"line":80,"column":2},"end":{"line":80,"column":27}}]},"15":{"loc":{"start":{"line":88,"column":2},"end":{"line":90,"column":null}},"type":"if","locations":[{"start":{"line":88,"column":2},"end":{"line":90,"column":null}},{"start":{"line":88,"column":2},"end":{"line":90,"column":null}}]},"16":{"loc":{"start":{"line":95,"column":4},"end":{"line":95,"column":31}},"type":"if","locations":[{"start":{"line":95,"column":4},"end":{"line":95,"column":31}},{"start":{"line":95,"column":4},"end":{"line":95,"column":31}}]},"17":{"loc":{"start":{"line":97,"column":32},"end":{"line":97,"column":54}},"type":"binary-expr","locations":[{"start":{"line":97,"column":32},"end":{"line":97,"column":54}},{"start":{"line":97,"column":58},"end":{"line":97,"column":63}}]},"18":{"loc":{"start":{"line":100,"column":4},"end":{"line":100,"column":38}},"type":"if","locations":[{"start":{"line":100,"column":4},"end":{"line":100,"column":38}},{"start":{"line":100,"column":4},"end":{"line":100,"column":38}}]}},"s":{"0":0,"1":0,"2":0,"3":0,"4":0,"5":0,"6":0,"7":0,"8":0,"9":0,"10":0,"11":0,"12":0,"13":0,"14":0,"15":0,"16":0,"17":0,"18":0,"19":0,"20":0,"21":0,"22":0,"23":0,"24":0,"25":0,"26":0,"27":0,"28":0,"29":0,"30":0,"31":0,"32":0,"33":0,"34":0,"35":0,"36":0,"37":0,"38":0,"39":0,"40":0,"41":0,"42":0,"43":0,"44":0,"45":0,"46":0,"47":0,"48":0,"49":0,"50":0,"51":0,"52":0,"53":0,"54":0,"55":0,"56":0,"57":0,"58":0,"59":0},"f":{"0":0,"1":0,"2":0,"3":0,"4":0,"5":0,"6":0},"b":{"0":[0,0],"1":[0,0],"2":[0,0],"3":[0,0],"4":[0,0],"5":[0,0],"6":[0,0],"7":[0,0],"8":[0,0],"9":[0,0],"10":[0,0],"11":[0,0],"12":[0,0],"13":[0,0],"14":[0,0],"15":[0,0],"16":[0,0],"17":[0,0],"18":[0,0]}}
,"/home/szboynono/code/mosha-vue-toastify/lib/hooks/useCustomStyle.ts": {"path":"/home/szboynono/code/mosha-vue-toastify/lib/hooks/useCustomStyle.ts","statementMap":{"0":{"start":{"line":1,"column":0},"end":{"line":1,"column":46}},"1":{"start":{"line":3,"column":23},"end":{"line":48,"column":1}},"2":{"start":{"line":4,"column":22},"end":{"line":43,"column":4}},"3":{"start":{"line":5,"column":4},"end":{"line":42,"column":null}},"4":{"start":{"line":7,"column":8},"end":{"line":10,"column":10}},"5":{"start":{"line":12,"column":8},"end":{"line":15,"column":10}},"6":{"start":{"line":17,"column":8},"end":{"line":20,"column":10}},"7":{"start":{"line":22,"column":8},"end":{"line":28,"column":10}},"8":{"start":{"line":30,"column":8},"end":{"line":36,"column":10}},"9":{"start":{"line":38,"column":8},"end":{"line":41,"column":10}},"10":{"start":{"line":44,"column":2},"end":{"line":46,"column":null}},"11":{"start":{"line":45,"column":5},"end":{"line":45,"column":null}},"12":{"start":{"line":47,"column":2},"end":{"line":47,"column":null}},"13":{"start":{"line":50,"column":0},"end":{"line":50,"column":null}}},"fnMap":{"0":{"name":"(anonymous_0)","decl":{"start":{"line":3,"column":23},"end":{"line":3,"column":24}},"loc":{"start":{"line":3,"column":83},"end":{"line":48,"column":1}}},"1":{"name":"(anonymous_1)","decl":{"start":{"line":4,"column":31},"end":{"line":4,"column":34}},"loc":{"start":{"line":4,"column":36},"end":{"line":43,"column":3}}}},"branchMap":{"0":{"loc":{"start":{"line":6,"column":6},"end":{"line":10,"column":10}},"type":"switch","locations":[{"start":{"line":6,"column":6},"end":{"line":10,"column":10}},{"start":{"line":11,"column":6},"end":{"line":15,"column":10}},{"start":{"line":16,"column":6},"end":{"line":20,"column":10}},{"start":{"line":21,"column":6},"end":{"line":28,"column":10}},{"start":{"line":29,"column":6},"end":{"line":36,"column":10}},{"start":{"line":37,"column":6},"end":{"line":41,"column":10}}]},"1":{"loc":{"start":{"line":44,"column":2},"end":{"line":46,"column":null}},"type":"if","locations":[{"start":{"line":44,"column":2},"end":{"line":46,"column":null}},{"start":{"line":44,"column":2},"end":{"line":46,"column":null}}]}},"s":{"0":0,"1":0,"2":0,"3":0,"4":0,"5":0,"6":0,"7":0,"8":0,"9":0,"10":0,"11":0,"12":0,"13":0},"f":{"0":0,"1":0},"b":{"0":[0,0,0,0,0,0],"1":[0,0]}}
,"/home/szboynono/code/mosha-vue-toastify/lib/hooks/useSwipe.ts": {"path":"/home/szboynono/code/mosha-vue-toastify/lib/hooks/useSwipe.ts","statementMap":{"0":{"start":{"line":1,"column":0},"end":{"line":1,"column":53}},"1":{"start":{"line":2,"column":0},"end":{"line":2,"column":46}},"2":{"start":{"line":5,"column":17},"end":{"line":82,"column":1}},"3":{"start":{"line":6,"column":21},"end":{"line":6,"column":51}},"4":{"start":{"line":7,"column":21},"end":{"line":7,"column":55}},"5":{"start":{"line":8,"column":21},"end":{"line":8,"column":41}},"6":{"start":{"line":10,"column":23},"end":{"line":11,"column":31}},"7":{"start":{"line":11,"column":4},"end":{"line":11,"column":31}},"8":{"start":{"line":13,"column":23},"end":{"line":40,"column":3}},"9":{"start":{"line":14,"column":4},"end":{"line":14,"column":58}},"10":{"start":{"line":14,"column":51},"end":{"line":14,"column":58}},"11":{"start":{"line":16,"column":4},"end":{"line":24,"column":null}},"12":{"start":{"line":17,"column":6},"end":{"line":19,"column":38}},"13":{"start":{"line":21,"column":6},"end":{"line":23,"column":49}},"14":{"start":{"line":26,"column":4},"end":{"line":29,"column":6}},"15":{"start":{"line":31,"column":4},"end":{"line":35,"column":null}},"16":{"start":{"line":32,"column":6},"end":{"line":32,"column":null}},"17":{"start":{"line":34,"column":6},"end":{"line":34,"column":null}},"18":{"start":{"line":37,"column":4},"end":{"line":39,"column":null}},"19":{"start":{"line":38,"column":6},"end":{"line":38,"column":23}},"20":{"start":{"line":42,"column":28},"end":{"line":66,"column":3}},"21":{"start":{"line":43,"column":4},"end":{"line":43,"column":37}},"22":{"start":{"line":43,"column":30},"end":{"line":43,"column":37}},"23":{"start":{"line":44,"column":4},"end":{"line":44,"column":29}},"24":{"start":{"line":45,"column":17},"end":{"line":45,"column":64}},"25":{"start":{"line":46,"column":20},"end":{"line":46,"column":64}},"26":{"start":{"line":48,"column":4},"end":{"line":48,"column":41}},"27":{"start":{"line":49,"column":4},"end":{"line":65,"column":7}},"28":{"start":{"line":50,"column":6},"end":{"line":50,"column":35}},"29":{"start":{"line":51,"column":6},"end":{"line":63,"column":null}},"30":{"start":{"line":52,"column":8},"end":{"line":56,"column":null}},"31":{"start":{"line":58,"column":8},"end":{"line":62,"column":null}},"32":{"start":{"line":64,"column":6},"end":{"line":64,"column":46}},"33":{"start":{"line":68,"column":22},"end":{"line":73,"column":3}},"34":{"start":{"line":69,"column":4},"end":{"line":69,"column":37}},"35":{"start":{"line":69,"column":30},"end":{"line":69,"column":37}},"36":{"start":{"line":70,"column":4},"end":{"line":70,"column":null}},"37":{"start":{"line":70,"column":26},"end":{"line":70,"column":null}},"38":{"start":{"line":71,"column":4},"end":{"line":71,"column":null}},"39":{"start":{"line":71,"column":26},"end":{"line":71,"column":null}},"40":{"start":{"line":72,"column":4},"end":{"line":72,"column":null}},"41":{"start":{"line":75,"column":2},"end":{"line":79,"column":5}},"42":{"start":{"line":76,"column":4},"end":{"line":76,"column":37}},"43":{"start":{"line":76,"column":30},"end":{"line":76,"column":37}},"44":{"start":{"line":77,"column":4},"end":{"line":77,"column":null}},"45":{"start":{"line":78,"column":4},"end":{"line":78,"column":null}},"46":{"start":{"line":81,"column":2},"end":{"line":81,"column":null}},"47":{"start":{"line":84,"column":0},"end":{"line":84,"column":null}}},"fnMap":{"0":{"name":"(anonymous_0)","decl":{"start":{"line":5,"column":17},"end":{"line":5,"column":18}},"loc":{"start":{"line":5,"column":89},"end":{"line":82,"column":1}}},"1":{"name":"(anonymous_1)","decl":{"start":{"line":10,"column":23},"end":{"line":10,"column":24}},"loc":{"start":{"line":11,"column":4},"end":{"line":11,"column":31}}},"2":{"name":"(anonymous_2)","decl":{"start":{"line":13,"column":23},"end":{"line":13,"column":24}},"loc":{"start":{"line":13,"column":58},"end":{"line":40,"column":3}}},"3":{"name":"(anonymous_3)","decl":{"start":{"line":42,"column":28},"end":{"line":42,"column":29}},"loc":{"start":{"line":42,"column":63},"end":{"line":66,"column":3}}},"4":{"name":"(anonymous_4)","decl":{"start":{"line":49,"column":30},"end":{"line":49,"column":33}},"loc":{"start":{"line":49,"column":35},"end":{"line":65,"column":5}}},"5":{"name":"(anonymous_5)","decl":{"start":{"line":68,"column":22},"end":{"line":68,"column":23}},"loc":{"start":{"line":68,"column":58},"end":{"line":73,"column":3}}},"6":{"name":"(anonymous_6)","decl":{"start":{"line":75,"column":14},"end":{"line":75,"column":17}},"loc":{"start":{"line":75,"column":19},"end":{"line":79,"column":3}}}},"branchMap":{"0":{"loc":{"start":{"line":14,"column":4},"end":{"line":14,"column":58}},"type":"if","locations":[{"start":{"line":14,"column":4},"end":{"line":14,"column":58}},{"start":{"line":14,"column":4},"end":{"line":14,"column":58}}]},"1":{"loc":{"start":{"line":14,"column":8},"end":{"line":14,"column":28}},"type":"binary-expr","locations":[{"start":{"line":14,"column":8},"end":{"line":14,"column":28}},{"start":{"line":14,"column":32},"end":{"line":14,"column":49}}]},"2":{"loc":{"start":{"line":16,"column":4},"end":{"line":24,"column":null}},"type":"if","locations":[{"start":{"line":16,"column":4},"end":{"line":24,"column":null}},{"start":{"line":16,"column":4},"end":{"line":24,"column":null}}]},"3":{"loc":{"start":{"line":31,"column":4},"end":{"line":35,"column":null}},"type":"if","locations":[{"start":{"line":31,"column":4},"end":{"line":35,"column":null}},{"start":{"line":31,"column":4},"end":{"line":35,"column":null}}]},"4":{"loc":{"start":{"line":37,"column":4},"end":{"line":39,"column":null}},"type":"if","locations":[{"start":{"line":37,"column":4},"end":{"line":39,"column":null}},{"start":{"line":37,"column":4},"end":{"line":39,"column":null}}]},"5":{"loc":{"start":{"line":43,"column":4},"end":{"line":43,"column":37}},"type":"if","locations":[{"start":{"line":43,"column":4},"end":{"line":43,"column":37}},{"start":{"line":43,"column":4},"end":{"line":43,"column":37}}]},"6":{"loc":{"start":{"line":45,"column":39},"end":{"line":45,"column":50}},"type":"cond-expr","locations":[{"start":{"line":45,"column":39},"end":{"line":45,"column":50}},{"start":{"line":45,"column":53},"end":{"line":45,"column":64}}]},"7":{"loc":{"start":{"line":46,"column":42},"end":{"line":46,"column":51}},"type":"cond-expr","locations":[{"start":{"line":46,"column":42},"end":{"line":46,"column":51}},{"start":{"line":46,"column":54},"end":{"line":46,"column":64}}]},"8":{"loc":{"start":{"line":51,"column":6},"end":{"line":63,"column":null}},"type":"if","locations":[{"start":{"line":51,"column":6},"end":{"line":63,"column":null}},{"start":{"line":51,"column":6},"end":{"line":63,"column":null}}]},"9":{"loc":{"start":{"line":69,"column":4},"end":{"line":69,"column":37}},"type":"if","locations":[{"start":{"line":69,"column":4},"end":{"line":69,"column":37}},{"start":{"line":69,"column":4},"end":{"line":69,"column":37}}]},"10":{"loc":{"start":{"line":70,"column":4},"end":{"line":70,"column":null}},"type":"if","locations":[{"start":{"line":70,"column":4},"end":{"line":70,"column":null}},{"start":{"line":70,"column":4},"end":{"line":70,"column":null}}]},"11":{"loc":{"start":{"line":71,"column":4},"end":{"line":71,"column":null}},"type":"if","locations":[{"start":{"line":71,"column":4},"end":{"line":71,"column":null}},{"start":{"line":71,"column":4},"end":{"line":71,"column":null}}]},"12":{"loc":{"start":{"line":76,"column":4},"end":{"line":76,"column":37}},"type":"if","locations":[{"start":{"line":76,"column":4},"end":{"line":76,"column":37}},{"start":{"line":76,"column":4},"end":{"line":76,"column":37}}]}},"s":{"0":0,"1":0,"2":0,"3":0,"4":0,"5":0,"6":0,"7":0,"8":0,"9":0,"10":0,"11":0,"12":0,"13":0,"14":0,"15":0,"16":0,"17":0,"18":0,"19":0,"20":0,"21":0,"22":0,"23":0,"24":0,"25":0,"26":0,"27":0,"28":0,"29":0,"30":0,"31":0,"32":0,"33":0,"34":0,"35":0,"36":0,"37":0,"38":0,"39":0,"40":0,"41":0,"42":0,"43":0,"44":0,"45":0,"46":0,"47":0},"f":{"0":0,"1":0,"2":0,"3":0,"4":0,"5":0,"6":0},"b":{"0":[0,0],"1":[0,0],"2":[0,0],"3":[0,0],"4":[0,0],"5":[0,0],"6":[0,0],"7":[0,0],"8":[0,0],"9":[0,0],"10":[0,0],"11":[0,0],"12":[0,0]}}
,"/home/szboynono/code/mosha-vue-toastify/lib/hooks/useTimer.ts": {"path":"/home/szboynono/code/mosha-vue-toastify/lib/hooks/useTimer.ts","statementMap":{"0":{"start":{"line":1,"column":0},"end":{"line":1,"column":49}},"1":{"start":{"line":3,"column":17},"end":{"line":41,"column":1}},"2":{"start":{"line":4,"column":18},"end":{"line":4,"column":31}},"3":{"start":{"line":5,"column":20},"end":{"line":5,"column":34}},"4":{"start":{"line":6,"column":24},"end":{"line":6,"column":42}},"5":{"start":{"line":8,"column":21},"end":{"line":8,"column":34}},"6":{"start":{"line":9,"column":18},"end":{"line":9,"column":26}},"7":{"start":{"line":11,"column":15},"end":{"line":15,"column":3}},"8":{"start":{"line":12,"column":4},"end":{"line":12,"column":null}},"9":{"start":{"line":13,"column":4},"end":{"line":13,"column":null}},"10":{"start":{"line":14,"column":4},"end":{"line":14,"column":56}},"11":{"start":{"line":17,"column":16},"end":{"line":25,"column":3}},"12":{"start":{"line":18,"column":4},"end":{"line":18,"column":null}},"13":{"start":{"line":19,"column":4},"end":{"line":19,"column":null}},"14":{"start":{"line":20,"column":4},"end":{"line":23,"column":null}},"15":{"start":{"line":21,"column":6},"end":{"line":21,"column":null}},"16":{"start":{"line":24,"column":4},"end":{"line":24,"column":null}},"17":{"start":{"line":27,"column":16},"end":{"line":30,"column":3}},"18":{"start":{"line":28,"column":4},"end":{"line":28,"column":null}},"19":{"start":{"line":29,"column":4},"end":{"line":29,"column":null}},"20":{"start":{"line":32,"column":2},"end":{"line":34,"column":null}},"21":{"start":{"line":33,"column":4},"end":{"line":33,"column":26}},"22":{"start":{"line":33,"column":20},"end":{"line":33,"column":26}},"23":{"start":{"line":36,"column":2},"end":{"line":38,"column":null}},"24":{"start":{"line":37,"column":4},"end":{"line":37,"column":null}},"25":{"start":{"line":40,"column":2},"end":{"line":40,"column":null}},"26":{"start":{"line":43,"column":0},"end":{"line":43,"column":null}}},"fnMap":{"0":{"name":"(anonymous_0)","decl":{"start":{"line":3,"column":17},"end":{"line":3,"column":18}},"loc":{"start":{"line":3,"column":64},"end":{"line":41,"column":1}}},"1":{"name":"(anonymous_1)","decl":{"start":{"line":11,"column":15},"end":{"line":11,"column":18}},"loc":{"start":{"line":11,"column":20},"end":{"line":15,"column":3}}},"2":{"name":"(anonymous_2)","decl":{"start":{"line":17,"column":16},"end":{"line":17,"column":19}},"loc":{"start":{"line":17,"column":21},"end":{"line":25,"column":3}}},"3":{"name":"(anonymous_3)","decl":{"start":{"line":20,"column":35},"end":{"line":20,"column":38}},"loc":{"start":{"line":20,"column":40},"end":{"line":23,"column":5}}},"4":{"name":"(anonymous_4)","decl":{"start":{"line":27,"column":16},"end":{"line":27,"column":19}},"loc":{"start":{"line":27,"column":21},"end":{"line":30,"column":3}}},"5":{"name":"(anonymous_5)","decl":{"start":{"line":32,"column":12},"end":{"line":32,"column":15}},"loc":{"start":{"line":32,"column":17},"end":{"line":34,"column":3}}},"6":{"name":"(anonymous_6)","decl":{"start":{"line":36,"column":14},"end":{"line":36,"column":17}},"loc":{"start":{"line":36,"column":19},"end":{"line":38,"column":3}}}},"branchMap":{"0":{"loc":{"start":{"line":33,"column":4},"end":{"line":33,"column":26}},"type":"if","locations":[{"start":{"line":33,"column":4},"end":{"line":33,"column":26}},{"start":{"line":33,"column":4},"end":{"line":33,"column":26}}]}},"s":{"0":0,"1":0,"2":0,"3":0,"4":0,"5":0,"6":0,"7":0,"8":0,"9":0,"10":0,"11":0,"12":0,"13":0,"14":0,"15":0,"16":0,"17":0,"18":0,"19":0,"20":0,"21":0,"22":0,"23":0,"24":0,"25":0,"26":0},"f":{"0":0,"1":0,"2":0,"3":0,"4":0,"5":0,"6":0},"b":{"0":[0,0]}}
,"/home/szboynono/code/mosha-vue-toastify/lib/hooks/useTransitionType.ts": {"path":"/home/szboynono/code/mosha-vue-toastify/lib/hooks/useTransitionType.ts","statementMap":{"0":{"start":{"line":2,"column":0},"end":{"line":2,"column":35}},"1":{"start":{"line":3,"column":0},"end":{"line":3,"column":45}},"2":{"start":{"line":7,"column":38},"end":{"line":38,"column":null}},"3":{"start":{"line":40,"column":26},"end":{"line":51,"column":1}},"4":{"start":{"line":41,"column":25},"end":{"line":49,"column":4}},"5":{"start":{"line":42,"column":4},"end":{"line":48,"column":null}},"6":{"start":{"line":43,"column":6},"end":{"line":43,"column":null}},"7":{"start":{"line":44,"column":11},"end":{"line":48,"column":null}},"8":{"start":{"line":45,"column":6},"end":{"line":45,"column":null}},"9":{"start":{"line":47,"column":6},"end":{"line":47,"column":null}},"10":{"start":{"line":50,"column":2},"end":{"line":50,"column":null}},"11":{"start":{"line":53,"column":0},"end":{"line":53,"column":null}}},"fnMap":{"0":{"name":"(anonymous_0)","decl":{"start":{"line":40,"column":26},"end":{"line":40,"column":27}},"loc":{"start":{"line":40,"column":98},"end":{"line":51,"column":1}}},"1":{"name":"(anonymous_1)","decl":{"start":{"line":41,"column":34},"end":{"line":41,"column":37}},"loc":{"start":{"line":41,"column":39},"end":{"line":49,"column":3}}}},"branchMap":{"0":{"loc":{"start":{"line":42,"column":4},"end":{"line":48,"column":null}},"type":"if","locations":[{"start":{"line":42,"column":4},"end":{"line":48,"column":null}},{"start":{"line":42,"column":4},"end":{"line":48,"column":null}}]},"1":{"loc":{"start":{"line":44,"column":11},"end":{"line":48,"column":null}},"type":"if","locations":[{"start":{"line":44,"column":11},"end":{"line":48,"column":null}},{"start":{"line":44,"column":11},"end":{"line":48,"column":null}}]}},"s":{"0":0,"1":0,"2":0,"3":0,"4":0,"5":0,"6":0,"7":0,"8":0,"9":0,"10":0,"11":0},"f":{"0":0,"1":0},"b":{"0":[0,0],"1":[0,0]}}
}
